c:\users\nils\desktop\credential provider\cppclientcore\cppclientcore\debug\vc142.pdb
c:\users\nils\desktop\credential provider\cppclientcore\cppclientcore\debug\vc142.idb
c:\users\nils\desktop\credential provider\cppclientcore\cppclientcore\debug\registryreader.obj
c:\users\nils\desktop\credential provider\cppclientcore\cppclientcore\debug\privacyidea.obj
c:\users\nils\desktop\credential provider\cppclientcore\cppclientcore\debug\offlinehandler.obj
c:\users\nils\desktop\credential provider\cppclientcore\cppclientcore\debug\offlinedata.obj
c:\users\nils\desktop\credential provider\cppclientcore\cppclientcore\debug\logger.obj
c:\users\nils\desktop\credential provider\cppclientcore\cppclientcore\debug\endpoint.obj
c:\users\nils\desktop\credential provider\cppclientcore\cppclientcore\debug\challenge.obj
c:\users\nils\desktop\credential provider\debug\cppclientcore.pdb
c:\users\nils\desktop\credential provider\cppclientcore\cppclientcore\debug\cppclientcore.tlog\cl.command.1.tlog
c:\users\nils\desktop\credential provider\cppclientcore\cppclientcore\debug\cppclientcore.tlog\cl.read.1.tlog
c:\users\nils\desktop\credential provider\cppclientcore\cppclientcore\debug\cppclientcore.tlog\cl.write.1.tlog
c:\users\nils\desktop\credential provider\cppclientcore\cppclientcore\debug\cppclientcore.tlog\link-cvtres.read.1.tlog
c:\users\nils\desktop\credential provider\cppclientcore\cppclientcore\debug\cppclientcore.tlog\link-cvtres.write.1.tlog
c:\users\nils\desktop\credential provider\cppclientcore\cppclientcore\debug\cppclientcore.tlog\link-rc.read.1.tlog
c:\users\nils\desktop\credential provider\cppclientcore\cppclientcore\debug\cppclientcore.tlog\link-rc.write.1.tlog
c:\users\nils\desktop\credential provider\cppclientcore\cppclientcore\debug\cppclientcore.tlog\link.command.1.tlog
c:\users\nils\desktop\credential provider\cppclientcore\cppclientcore\debug\cppclientcore.tlog\link.read.1.tlog
c:\users\nils\desktop\credential provider\cppclientcore\cppclientcore\debug\cppclientcore.tlog\link.write.1.tlog
